<?xml version="1.0" encoding="UTF-8"?>
<!-- Generated by org.testng.reporters.JUnitReportReporter -->
<testsuite hostname="system-24-PC" name="com.testNG.FirstPropgram" tests="4" failures="0" timestamp="18 Dec 2019 10:30:43 GMT" time="0.025" errors="0">
  <testcase name="Test2" time="0.001" classname="com.testNG.FirstPropgram"/>
  <testcase name="Test3" time="0.006" classname="com.testNG.FirstPropgram"/>
  <testcase name="Test1" time="0.015" classname="com.testNG.FirstPropgram"/>
  <testcase name="Test4" time="0.003" classname="com.testNG.FirstPropgram"/>
</testsuite> <!-- com.testNG.FirstPropgram -->
